2025-08-03 14:30:23,696 - root - ERROR - admin_logs:3837 - Failed to load admin logs: no such table: error_logs
2025-08-03 14:54:39,223 - root - ERROR - log_dml_error:101 - DML Error - Operation: CREATE, Table: bills, Error: UNIQUE constraint failed: bills.user_id, bills.bill_number, User: 2, Data: {'customer_name': None, 'total_amount': 210.0, 'item_count': 0}...
2025-08-03 14:55:01,111 - root - ERROR - log_dml_error:122 - Failed to log to database: database is locked
2025-08-03 14:55:01,174 - root - ERROR - log_dml_error:101 - DML Error - Operation: CREATE, Table: bills, Error: UNIQUE constraint failed: bills.user_id, bills.bill_number, User: 2, Data: {'customer_name': None, 'total_amount': 210.0, 'item_count': 0}...
2025-08-03 14:55:22,996 - root - ERROR - log_dml_error:122 - Failed to log to database: database is locked
2025-08-04 05:54:21,279 - root - ERROR - log_dml_error:101 - DML Error - Operation: CREATE, Table: bills, Error: UNIQUE constraint failed: bills.user_id, bills.bill_number, User: 2, Data: {'customer_name': None, 'total_amount': 315.0, 'item_count': 0}...
2025-08-04 05:54:43,052 - root - ERROR - log_dml_error:101 - DML Error - Operation: CREATE, Table: bills, Error: database is locked, User: 2, Data: {'customer_name': None, 'total_amount': 315.0, 'item_count': 0}...
2025-08-04 05:54:43,081 - root - ERROR - log_dml_error:122 - Failed to log to database: database is locked
2025-08-04 05:54:43,096 - root - ERROR - log_user_action:144 - Failed to log user action: database is locked
2025-08-04 05:54:43,128 - root - ERROR - log_dml_error:101 - DML Error - Operation: CREATE, Table: bills, Error: UNIQUE constraint failed: bills.user_id, bills.bill_number, User: 2, Data: {'customer_name': None, 'total_amount': 315.0, 'item_count': 0}...
2025-08-04 05:55:04,896 - root - ERROR - log_dml_error:122 - Failed to log to database: database is locked
2025-08-04 05:57:17,957 - root - ERROR - log_dml_error:101 - DML Error - Operation: CREATE, Table: bills, Error: UNIQUE constraint failed: bills.user_id, bills.bill_number, User: 2, Data: {'customer_name': None, 'total_amount': 315.0, 'item_count': 0}...
2025-08-04 05:57:39,885 - root - ERROR - log_dml_error:122 - Failed to log to database: database is locked
2025-08-07 01:51:16,123 - root - ERROR - log_dml_error:101 - DML Error - Operation: CREATE, Table: bills, Error: UNIQUE constraint failed: bills.user_id, bills.bill_number, User: 2, Data: {'customer_name': None, 'total_amount': 0.0, 'item_count': 0}...
2025-08-07 01:51:38,593 - root - ERROR - log_dml_error:122 - Failed to log to database: database is locked
2025-08-07 03:04:36,981 - root - ERROR - log_dml_error:101 - DML Error - Operation: CREATE, Table: bills, Error: UNIQUE constraint failed: bills.user_id, bills.bill_number, User: 2, Data: {'customer_name': None, 'total_amount': 189.0, 'item_count': 0}...
2025-08-07 03:04:58,815 - root - ERROR - log_dml_error:122 - Failed to log to database: database is locked
2025-08-07 03:04:58,894 - root - ERROR - log_dml_error:101 - DML Error - Operation: CREATE, Table: bills, Error: UNIQUE constraint failed: bills.user_id, bills.bill_number, User: 2, Data: {'customer_name': None, 'total_amount': 189.0, 'item_count': 0}...
2025-08-07 03:05:20,859 - root - ERROR - log_dml_error:122 - Failed to log to database: database is locked
2025-08-07 03:19:51,961 - root - ERROR - log_dml_error:101 - DML Error - Operation: CREATE, Table: bills, Error: cannot access local variable 'vat_percent' where it is not associated with a value, User: 2, Data: {'customer_name': None, 'total_amount': 132.75, 'item_count': 0}...
2025-08-07 03:20:13,302 - root - ERROR - log_dml_error:122 - Failed to log to database: database is locked
2025-08-07 03:20:13,319 - root - ERROR - log_dml_error:101 - DML Error - Operation: CREATE, Table: bills, Error: cannot access local variable 'vat_percent' where it is not associated with a value, User: 2, Data: {'customer_name': None, 'total_amount': 132.75, 'item_count': 0}...
2025-08-07 03:20:34,848 - root - ERROR - log_dml_error:122 - Failed to log to database: database is locked
