2025-08-10 18:17:37,011 - werkzeug - INFO -  * Detected change in 'C:\\Users\\Khana\\tailor_pos\\tests\\selenium\\test_billing.py', reloading
2025-08-10 18:17:37,017 - werkzeug - INFO -  * Detected change in 'C:\\Users\\Khana\\tailor_pos\\tests\\selenium\\test_billing.py', reloading
2025-08-10 18:17:37,022 - werkzeug - INFO -  * Detected change in 'C:\\Users\\Khana\\tailor_pos\\tests\\selenium\\test_billing.py', reloading
2025-08-10 18:17:37,192 - werkzeug - INFO -  * Restarting with stat
2025-08-10 18:17:37,208 - werkzeug - INFO -  * Restarting with stat
2025-08-10 18:17:37,245 - werkzeug - INFO -  * Restarting with stat
2025-08-10 18:17:37,727 - werkzeug - WARNING -  * Debugger is active!
2025-08-10 18:17:37,727 - werkzeug - WARNING -  * Debugger is active!
2025-08-10 18:17:37,731 - werkzeug - INFO -  * Debugger PIN: 107-126-000
2025-08-10 18:17:37,732 - werkzeug - INFO -  * Debugger PIN: 107-126-000
2025-08-10 18:17:49,854 - werkzeug - INFO -  * Detected change in 'C:\\Users\\Khana\\tailor_pos\\tests\\selenium\\test_smoke.py', reloading
2025-08-10 18:17:49,858 - werkzeug - INFO -  * Detected change in 'C:\\Users\\Khana\\tailor_pos\\tests\\selenium\\test_smoke.py', reloading
2025-08-10 18:17:49,860 - werkzeug - INFO -  * Detected change in 'C:\\Users\\Khana\\tailor_pos\\tests\\selenium\\test_smoke.py', reloading
2025-08-10 18:17:50,010 - werkzeug - INFO -  * Restarting with stat
2025-08-10 18:17:50,013 - werkzeug - INFO -  * Restarting with stat
2025-08-10 18:17:50,014 - werkzeug - INFO -  * Restarting with stat
2025-08-10 18:17:50,469 - werkzeug - WARNING -  * Debugger is active!
2025-08-10 18:17:50,469 - werkzeug - WARNING -  * Debugger is active!
2025-08-10 18:17:50,470 - werkzeug - WARNING -  * Debugger is active!
2025-08-10 18:17:50,473 - werkzeug - INFO -  * Debugger PIN: 107-126-000
2025-08-10 18:17:50,474 - werkzeug - INFO -  * Debugger PIN: 107-126-000
2025-08-10 18:17:50,474 - werkzeug - INFO -  * Debugger PIN: 107-126-000
2025-08-10 18:18:32,889 - werkzeug - INFO -  * Detected change in 'C:\\Users\\Khana\\tailor_pos\\tests\\selenium\\test_employees.py', reloading
2025-08-10 18:18:32,902 - werkzeug - INFO -  * Detected change in 'C:\\Users\\Khana\\tailor_pos\\tests\\selenium\\test_employees.py', reloading
2025-08-10 18:18:32,903 - werkzeug - INFO -  * Detected change in 'C:\\Users\\Khana\\tailor_pos\\tests\\selenium\\test_employees.py', reloading
2025-08-10 18:18:33,162 - werkzeug - INFO -  * Restarting with stat
2025-08-10 18:18:33,166 - werkzeug - INFO -  * Restarting with stat
2025-08-10 18:18:33,646 - werkzeug - WARNING -  * Debugger is active!
2025-08-10 18:18:33,647 - werkzeug - WARNING -  * Debugger is active!
2025-08-10 18:18:33,647 - werkzeug - WARNING -  * Debugger is active!
2025-08-10 18:18:33,649 - werkzeug - INFO -  * Debugger PIN: 107-126-000
2025-08-10 18:18:33,649 - werkzeug - INFO -  * Debugger PIN: 107-126-000
2025-08-10 18:18:33,649 - werkzeug - INFO -  * Debugger PIN: 107-126-000
